Running Timing Analysis
-----------------------
------------------------------------------------------------------
100 iterations of matrix multiplication (functor) ran using (50,40)*(40,60) = (50,60)
      :Method:Average Time (s):approximate ops:computed elements
Data  Point:f:0.00198432:120110:3000
------------------------------------------------------------------
100 iterations of matrix multiplication (functor) ran using (60,50)*(50,70) = (60,70)
      :Method:Average Time (s):approximate ops:computed elements
Data  Point:f:0.00339595:210130:4200
------------------------------------------------------------------
100 iterations of matrix multiplication (functor) ran using (70,60)*(60,80) = (70,80)
      :Method:Average Time (s):approximate ops:computed elements
Data  Point:f:0.00536874:336150:5600
------------------------------------------------------------------
100 iterations of matrix multiplication (functor) ran using (80,70)*(70,90) = (80,90)
      :Method:Average Time (s):approximate ops:computed elements
Data  Point:f:0.00755578:504170:7200
------------------------------------------------------------------
100 iterations of matrix multiplication (method) ran using (50,40)*(40,60) = (50,60)
      :Method:Average Time (s):approximate ops:computed elements
Data Point:m1:0.00856877:120110:3000
------------------------------------------------------------------
100 iterations of matrix multiplication (method) ran using (60,50)*(50,70) = (60,70)
      :Method:Average Time (s):approximate ops:computed elements
Data Point:m1:0.0154349:210130:4200
------------------------------------------------------------------
100 iterations of matrix multiplication (method) ran using (70,60)*(60,80) = (70,80)
      :Method:Average Time (s):approximate ops:computed elements
Data Point:m1:0.023514:336150:5600
------------------------------------------------------------------
100 iterations of matrix multiplication (method) ran using (80,70)*(70,90) = (80,90)
      :Method:Average Time (s):approximate ops:computed elements
Data Point:m1:0.0349822:504170:7200
Timing Analysis Completed
=========================
